ERROR - 2022-12-25 00:27:21 --> mysqli_sql_exception: Column 'status' in where clause is ambiguous in C:\xampp8-1-12\htdocs\nadi-diasproject\system\Database\MySQLi\Connection.php:292
Stack trace:
#0 C:\xampp8-1-12\htdocs\nadi-diasproject\system\Database\MySQLi\Connection.php(292): mysqli->query('SELECT *\nFROM `...', 0)
#1 C:\xampp8-1-12\htdocs\nadi-diasproject\system\Database\BaseConnection.php(666): CodeIgniter\Database\MySQLi\Connection->execute('SELECT *\nFROM `...')
#2 C:\xampp8-1-12\htdocs\nadi-diasproject\system\Database\BaseConnection.php(593): CodeIgniter\Database\BaseConnection->simpleQuery('SELECT *\nFROM `...')
#3 C:\xampp8-1-12\htdocs\nadi-diasproject\system\Database\BaseBuilder.php(1585): CodeIgniter\Database\BaseConnection->query('SELECT *\nFROM `...', Array, false)
#4 C:\xampp8-1-12\htdocs\nadi-diasproject\app\Controllers\Frontend\Homecontroller.php(24): CodeIgniter\Database\BaseBuilder->get()
#5 C:\xampp8-1-12\htdocs\nadi-diasproject\system\CodeIgniter.php(925): App\Controllers\Frontend\Homecontroller->index()
#6 C:\xampp8-1-12\htdocs\nadi-diasproject\system\CodeIgniter.php(480): CodeIgniter\CodeIgniter->runController(Object(App\Controllers\Frontend\Homecontroller))
#7 C:\xampp8-1-12\htdocs\nadi-diasproject\system\CodeIgniter.php(349): CodeIgniter\CodeIgniter->handleRequest(NULL, Object(Config\Cache), false)
#8 C:\xampp8-1-12\htdocs\nadi-diasproject\public\index.php(67): CodeIgniter\CodeIgniter->run()
#9 C:\xampp8-1-12\htdocs\nadi-diasproject\system\Commands\Server\rewrite.php(47): require_once('C:\\xampp8-1-12\\...')
#10 {main}
CRITICAL - 2022-12-25 00:27:21 --> Column 'status' in where clause is ambiguous
in SYSTEMPATH\Database\MySQLi\Connection.php on line 292.
 1 SYSTEMPATH\Database\MySQLi\Connection.php(292): mysqli->query('SELECT *
FROM `product`
JOIN `category` ON `category`.`id` = `product`.`category_id`
WHERE `is_featured` = 1
AND `status` = 1', 0)
 2 SYSTEMPATH\Database\BaseConnection.php(666): CodeIgniter\Database\MySQLi\Connection->execute('SELECT *
FROM `product`
JOIN `category` ON `category`.`id` = `product`.`category_id`
WHERE `is_featured` = 1
AND `status` = 1')
 3 SYSTEMPATH\Database\BaseConnection.php(593): CodeIgniter\Database\BaseConnection->simpleQuery('SELECT *
FROM `product`
JOIN `category` ON `category`.`id` = `product`.`category_id`
WHERE `is_featured` = 1
AND `status` = 1')
 4 SYSTEMPATH\Database\BaseBuilder.php(1585): CodeIgniter\Database\BaseConnection->query('SELECT *
FROM `product`
JOIN `category` ON `category`.`id` = `product`.`category_id`
WHERE `is_featured` = :is_featured:
AND `status` = :status:', [...], false)
 5 APPPATH\Controllers\Frontend\Homecontroller.php(24): CodeIgniter\Database\BaseBuilder->get()
 6 SYSTEMPATH\CodeIgniter.php(925): App\Controllers\Frontend\Homecontroller->index()
 7 SYSTEMPATH\CodeIgniter.php(480): CodeIgniter\CodeIgniter->runController(Object(App\Controllers\Frontend\Homecontroller))
 8 SYSTEMPATH\CodeIgniter.php(349): CodeIgniter\CodeIgniter->handleRequest(null, Object(Config\Cache), false)
 9 FCPATH\index.php(67): CodeIgniter\CodeIgniter->run()
10 SYSTEMPATH\Commands\Server\rewrite.php(47): require_once('FCPATH\\index.php')
ERROR - 2022-12-25 00:27:26 --> mysqli_sql_exception: Column 'status' in where clause is ambiguous in C:\xampp8-1-12\htdocs\nadi-diasproject\system\Database\MySQLi\Connection.php:292
Stack trace:
#0 C:\xampp8-1-12\htdocs\nadi-diasproject\system\Database\MySQLi\Connection.php(292): mysqli->query('SELECT *\nFROM `...', 0)
#1 C:\xampp8-1-12\htdocs\nadi-diasproject\system\Database\BaseConnection.php(666): CodeIgniter\Database\MySQLi\Connection->execute('SELECT *\nFROM `...')
#2 C:\xampp8-1-12\htdocs\nadi-diasproject\system\Database\BaseConnection.php(593): CodeIgniter\Database\BaseConnection->simpleQuery('SELECT *\nFROM `...')
#3 C:\xampp8-1-12\htdocs\nadi-diasproject\system\Database\BaseBuilder.php(1585): CodeIgniter\Database\BaseConnection->query('SELECT *\nFROM `...', Array, false)
#4 C:\xampp8-1-12\htdocs\nadi-diasproject\app\Controllers\Frontend\Homecontroller.php(24): CodeIgniter\Database\BaseBuilder->get()
#5 C:\xampp8-1-12\htdocs\nadi-diasproject\system\CodeIgniter.php(925): App\Controllers\Frontend\Homecontroller->index()
#6 C:\xampp8-1-12\htdocs\nadi-diasproject\system\CodeIgniter.php(480): CodeIgniter\CodeIgniter->runController(Object(App\Controllers\Frontend\Homecontroller))
#7 C:\xampp8-1-12\htdocs\nadi-diasproject\system\CodeIgniter.php(349): CodeIgniter\CodeIgniter->handleRequest(NULL, Object(Config\Cache), false)
#8 C:\xampp8-1-12\htdocs\nadi-diasproject\public\index.php(67): CodeIgniter\CodeIgniter->run()
#9 C:\xampp8-1-12\htdocs\nadi-diasproject\system\Commands\Server\rewrite.php(47): require_once('C:\\xampp8-1-12\\...')
#10 {main}
CRITICAL - 2022-12-25 00:27:26 --> Column 'status' in where clause is ambiguous
in SYSTEMPATH\Database\MySQLi\Connection.php on line 292.
 1 SYSTEMPATH\Database\MySQLi\Connection.php(292): mysqli->query('SELECT *
FROM `product`
JOIN `category` ON `category`.`id` = `product`.`category_id`
WHERE `is_featured` = 1
AND `status` = 1', 0)
 2 SYSTEMPATH\Database\BaseConnection.php(666): CodeIgniter\Database\MySQLi\Connection->execute('SELECT *
FROM `product`
JOIN `category` ON `category`.`id` = `product`.`category_id`
WHERE `is_featured` = 1
AND `status` = 1')
 3 SYSTEMPATH\Database\BaseConnection.php(593): CodeIgniter\Database\BaseConnection->simpleQuery('SELECT *
FROM `product`
JOIN `category` ON `category`.`id` = `product`.`category_id`
WHERE `is_featured` = 1
AND `status` = 1')
 4 SYSTEMPATH\Database\BaseBuilder.php(1585): CodeIgniter\Database\BaseConnection->query('SELECT *
FROM `product`
JOIN `category` ON `category`.`id` = `product`.`category_id`
WHERE `is_featured` = :is_featured:
AND `status` = :status:', [...], false)
 5 APPPATH\Controllers\Frontend\Homecontroller.php(24): CodeIgniter\Database\BaseBuilder->get()
 6 SYSTEMPATH\CodeIgniter.php(925): App\Controllers\Frontend\Homecontroller->index()
 7 SYSTEMPATH\CodeIgniter.php(480): CodeIgniter\CodeIgniter->runController(Object(App\Controllers\Frontend\Homecontroller))
 8 SYSTEMPATH\CodeIgniter.php(349): CodeIgniter\CodeIgniter->handleRequest(null, Object(Config\Cache), false)
 9 FCPATH\index.php(67): CodeIgniter\CodeIgniter->run()
10 SYSTEMPATH\Commands\Server\rewrite.php(47): require_once('FCPATH\\index.php')
ERROR - 2022-12-25 00:27:43 --> mysqli_sql_exception: Column 'status' in where clause is ambiguous in C:\xampp8-1-12\htdocs\nadi-diasproject\system\Database\MySQLi\Connection.php:292
Stack trace:
#0 C:\xampp8-1-12\htdocs\nadi-diasproject\system\Database\MySQLi\Connection.php(292): mysqli->query('SELECT *\nFROM `...', 0)
#1 C:\xampp8-1-12\htdocs\nadi-diasproject\system\Database\BaseConnection.php(666): CodeIgniter\Database\MySQLi\Connection->execute('SELECT *\nFROM `...')
#2 C:\xampp8-1-12\htdocs\nadi-diasproject\system\Database\BaseConnection.php(593): CodeIgniter\Database\BaseConnection->simpleQuery('SELECT *\nFROM `...')
#3 C:\xampp8-1-12\htdocs\nadi-diasproject\system\Database\BaseBuilder.php(1585): CodeIgniter\Database\BaseConnection->query('SELECT *\nFROM `...', Array, false)
#4 C:\xampp8-1-12\htdocs\nadi-diasproject\app\Controllers\Frontend\Homecontroller.php(24): CodeIgniter\Database\BaseBuilder->get()
#5 C:\xampp8-1-12\htdocs\nadi-diasproject\system\CodeIgniter.php(925): App\Controllers\Frontend\Homecontroller->index()
#6 C:\xampp8-1-12\htdocs\nadi-diasproject\system\CodeIgniter.php(480): CodeIgniter\CodeIgniter->runController(Object(App\Controllers\Frontend\Homecontroller))
#7 C:\xampp8-1-12\htdocs\nadi-diasproject\system\CodeIgniter.php(349): CodeIgniter\CodeIgniter->handleRequest(NULL, Object(Config\Cache), false)
#8 C:\xampp8-1-12\htdocs\nadi-diasproject\public\index.php(67): CodeIgniter\CodeIgniter->run()
#9 C:\xampp8-1-12\htdocs\nadi-diasproject\system\Commands\Server\rewrite.php(47): require_once('C:\\xampp8-1-12\\...')
#10 {main}
CRITICAL - 2022-12-25 00:27:43 --> Column 'status' in where clause is ambiguous
in SYSTEMPATH\Database\MySQLi\Connection.php on line 292.
 1 SYSTEMPATH\Database\MySQLi\Connection.php(292): mysqli->query('SELECT *
FROM `product`
JOIN `category` ON `category`.`id` = `product`.`category_id`
WHERE `is_featured` = 1
AND `status` = 1', 0)
 2 SYSTEMPATH\Database\BaseConnection.php(666): CodeIgniter\Database\MySQLi\Connection->execute('SELECT *
FROM `product`
JOIN `category` ON `category`.`id` = `product`.`category_id`
WHERE `is_featured` = 1
AND `status` = 1')
 3 SYSTEMPATH\Database\BaseConnection.php(593): CodeIgniter\Database\BaseConnection->simpleQuery('SELECT *
FROM `product`
JOIN `category` ON `category`.`id` = `product`.`category_id`
WHERE `is_featured` = 1
AND `status` = 1')
 4 SYSTEMPATH\Database\BaseBuilder.php(1585): CodeIgniter\Database\BaseConnection->query('SELECT *
FROM `product`
JOIN `category` ON `category`.`id` = `product`.`category_id`
WHERE `is_featured` = :is_featured:
AND `status` = :status:', [...], false)
 5 APPPATH\Controllers\Frontend\Homecontroller.php(24): CodeIgniter\Database\BaseBuilder->get()
 6 SYSTEMPATH\CodeIgniter.php(925): App\Controllers\Frontend\Homecontroller->index()
 7 SYSTEMPATH\CodeIgniter.php(480): CodeIgniter\CodeIgniter->runController(Object(App\Controllers\Frontend\Homecontroller))
 8 SYSTEMPATH\CodeIgniter.php(349): CodeIgniter\CodeIgniter->handleRequest(null, Object(Config\Cache), false)
 9 FCPATH\index.php(67): CodeIgniter\CodeIgniter->run()
10 SYSTEMPATH\Commands\Server\rewrite.php(47): require_once('FCPATH\\index.php')
ERROR - 2022-12-25 00:54:09 --> mysqli_sql_exception: You have an error in your SQL syntax; check the manual that corresponds to your MariaDB server version for the right syntax to use near 'as category_id' at line 6 in C:\xampp8-1-12\htdocs\nadi-diasproject\system\Database\MySQLi\Connection.php:292
Stack trace:
#0 C:\xampp8-1-12\htdocs\nadi-diasproject\system\Database\MySQLi\Connection.php(292): mysqli->query('SELECT *\nFROM `...', 0)
#1 C:\xampp8-1-12\htdocs\nadi-diasproject\system\Database\BaseConnection.php(666): CodeIgniter\Database\MySQLi\Connection->execute('SELECT *\nFROM `...')
#2 C:\xampp8-1-12\htdocs\nadi-diasproject\system\Database\BaseConnection.php(593): CodeIgniter\Database\BaseConnection->simpleQuery('SELECT *\nFROM `...')
#3 C:\xampp8-1-12\htdocs\nadi-diasproject\system\Database\BaseBuilder.php(1585): CodeIgniter\Database\BaseConnection->query('SELECT *\nFROM `...', Array, false)
#4 C:\xampp8-1-12\htdocs\nadi-diasproject\app\Controllers\Frontend\Homecontroller.php(24): CodeIgniter\Database\BaseBuilder->get()
#5 C:\xampp8-1-12\htdocs\nadi-diasproject\system\CodeIgniter.php(925): App\Controllers\Frontend\Homecontroller->index()
#6 C:\xampp8-1-12\htdocs\nadi-diasproject\system\CodeIgniter.php(480): CodeIgniter\CodeIgniter->runController(Object(App\Controllers\Frontend\Homecontroller))
#7 C:\xampp8-1-12\htdocs\nadi-diasproject\system\CodeIgniter.php(349): CodeIgniter\CodeIgniter->handleRequest(NULL, Object(Config\Cache), false)
#8 C:\xampp8-1-12\htdocs\nadi-diasproject\public\index.php(67): CodeIgniter\CodeIgniter->run()
#9 C:\xampp8-1-12\htdocs\nadi-diasproject\system\Commands\Server\rewrite.php(47): require_once('C:\\xampp8-1-12\\...')
#10 {main}
CRITICAL - 2022-12-25 00:54:09 --> You have an error in your SQL syntax; check the manual that corresponds to your MariaDB server version for the right syntax to use near 'as category_id' at line 6
in SYSTEMPATH\Database\MySQLi\Connection.php on line 292.
 1 SYSTEMPATH\Database\MySQLi\Connection.php(292): mysqli->query('SELECT *
FROM `product`
JOIN `category` ON `category`.`id` = `product`.`category_id`
WHERE `product`.`is_featured` = 1
AND `product`.`status` = 1
AND category.id as category_id', 0)
 2 SYSTEMPATH\Database\BaseConnection.php(666): CodeIgniter\Database\MySQLi\Connection->execute('SELECT *
FROM `product`
JOIN `category` ON `category`.`id` = `product`.`category_id`
WHERE `product`.`is_featured` = 1
AND `product`.`status` = 1
AND category.id as category_id')
 3 SYSTEMPATH\Database\BaseConnection.php(593): CodeIgniter\Database\BaseConnection->simpleQuery('SELECT *
FROM `product`
JOIN `category` ON `category`.`id` = `product`.`category_id`
WHERE `product`.`is_featured` = 1
AND `product`.`status` = 1
AND category.id as category_id')
 4 SYSTEMPATH\Database\BaseBuilder.php(1585): CodeIgniter\Database\BaseConnection->query('SELECT *
FROM `product`
JOIN `category` ON `category`.`id` = `product`.`category_id`
WHERE `product`.`is_featured` = :product.is_featured:
AND `product`.`status` = :product.status:
AND category.id as category_id', [...], false)
 5 APPPATH\Controllers\Frontend\Homecontroller.php(24): CodeIgniter\Database\BaseBuilder->get()
 6 SYSTEMPATH\CodeIgniter.php(925): App\Controllers\Frontend\Homecontroller->index()
 7 SYSTEMPATH\CodeIgniter.php(480): CodeIgniter\CodeIgniter->runController(Object(App\Controllers\Frontend\Homecontroller))
 8 SYSTEMPATH\CodeIgniter.php(349): CodeIgniter\CodeIgniter->handleRequest(null, Object(Config\Cache), false)
 9 FCPATH\index.php(67): CodeIgniter\CodeIgniter->run()
10 SYSTEMPATH\Commands\Server\rewrite.php(47): require_once('FCPATH\\index.php')
CRITICAL - 2022-12-25 01:00:29 --> Undefined property: stdClass::$category_name
in APPPATH\Views\frontend\home\index.php on line 179.
 1 APPPATH\Views\frontend\home\index.php(179): CodeIgniter\Debug\Exceptions->errorHandler(2, 'Undefined property: stdClass::$category_name', 'APPPATH\\Views\\frontend\\home\\index.php', 179)
 2 SYSTEMPATH\View\View.php(213): include('APPPATH\\Views\\frontend\\home\\index.php')
 3 SYSTEMPATH\View\View.php(216): CodeIgniter\View\View->CodeIgniter\View\{closure}()
 4 SYSTEMPATH\Common.php(1135): CodeIgniter\View\View->render('frontend/home/index', [], true)
 5 APPPATH\Controllers\Frontend\Homecontroller.php(27): view('frontend/home/index', [...])
 6 SYSTEMPATH\CodeIgniter.php(925): App\Controllers\Frontend\Homecontroller->index()
 7 SYSTEMPATH\CodeIgniter.php(480): CodeIgniter\CodeIgniter->runController(Object(App\Controllers\Frontend\Homecontroller))
 8 SYSTEMPATH\CodeIgniter.php(349): CodeIgniter\CodeIgniter->handleRequest(null, Object(Config\Cache), false)
 9 FCPATH\index.php(67): CodeIgniter\CodeIgniter->run()
10 SYSTEMPATH\Commands\Server\rewrite.php(47): require_once('FCPATH\\index.php')
CRITICAL - 2022-12-25 03:18:23 --> Undefined property: mysqli::$category_name
in APPPATH\Views\frontend\home\index.php on line 234.
 1 APPPATH\Views\frontend\home\index.php(234): CodeIgniter\Debug\Exceptions->errorHandler(2, 'Undefined property: mysqli::$category_name', 'APPPATH\\Views\\frontend\\home\\index.php', 234)
 2 SYSTEMPATH\View\View.php(213): include('APPPATH\\Views\\frontend\\home\\index.php')
 3 SYSTEMPATH\View\View.php(216): CodeIgniter\View\View->CodeIgniter\View\{closure}()
 4 SYSTEMPATH\Common.php(1135): CodeIgniter\View\View->render('frontend/home/index', [], true)
 5 APPPATH\Controllers\Frontend\Homecontroller.php(28): view('frontend/home/index', [...])
 6 SYSTEMPATH\CodeIgniter.php(925): App\Controllers\Frontend\Homecontroller->index()
 7 SYSTEMPATH\CodeIgniter.php(480): CodeIgniter\CodeIgniter->runController(Object(App\Controllers\Frontend\Homecontroller))
 8 SYSTEMPATH\CodeIgniter.php(349): CodeIgniter\CodeIgniter->handleRequest(null, Object(Config\Cache), false)
 9 FCPATH\index.php(67): CodeIgniter\CodeIgniter->run()
10 SYSTEMPATH\Commands\Server\rewrite.php(47): require_once('FCPATH\\index.php')
CRITICAL - 2022-12-25 03:19:03 --> Undefined property: mysqli::$category_name
in APPPATH\Views\frontend\home\index.php on line 234.
 1 APPPATH\Views\frontend\home\index.php(234): CodeIgniter\Debug\Exceptions->errorHandler(2, 'Undefined property: mysqli::$category_name', 'APPPATH\\Views\\frontend\\home\\index.php', 234)
 2 SYSTEMPATH\View\View.php(213): include('APPPATH\\Views\\frontend\\home\\index.php')
 3 SYSTEMPATH\View\View.php(216): CodeIgniter\View\View->CodeIgniter\View\{closure}()
 4 SYSTEMPATH\Common.php(1135): CodeIgniter\View\View->render('frontend/home/index', [], true)
 5 APPPATH\Controllers\Frontend\Homecontroller.php(28): view('frontend/home/index', [...])
 6 SYSTEMPATH\CodeIgniter.php(925): App\Controllers\Frontend\Homecontroller->index()
 7 SYSTEMPATH\CodeIgniter.php(480): CodeIgniter\CodeIgniter->runController(Object(App\Controllers\Frontend\Homecontroller))
 8 SYSTEMPATH\CodeIgniter.php(349): CodeIgniter\CodeIgniter->handleRequest(null, Object(Config\Cache), false)
 9 FCPATH\index.php(67): CodeIgniter\CodeIgniter->run()
10 SYSTEMPATH\Commands\Server\rewrite.php(47): require_once('FCPATH\\index.php')
CRITICAL - 2022-12-25 03:20:15 --> Call to a member function getResult() on array
in APPPATH\Views\frontend\components\header.php on line 31.
 1 SYSTEMPATH\View\View.php(213): include()
 2 SYSTEMPATH\View\View.php(216): CodeIgniter\View\View->CodeIgniter\View\{closure}()
 3 SYSTEMPATH\View\View.php(431): CodeIgniter\View\View->render('frontend/components/header', null, true)
 4 APPPATH\Views\frontend\home\index.php(46): CodeIgniter\View\View->include('frontend/components/header')
 5 SYSTEMPATH\View\View.php(213): include('APPPATH\\Views\\frontend\\home\\index.php')
 6 SYSTEMPATH\View\View.php(216): CodeIgniter\View\View->CodeIgniter\View\{closure}()
 7 SYSTEMPATH\Common.php(1135): CodeIgniter\View\View->render('frontend/home/index', [], true)
 8 APPPATH\Controllers\Frontend\Homecontroller.php(28): view('frontend/home/index', [...])
 9 SYSTEMPATH\CodeIgniter.php(925): App\Controllers\Frontend\Homecontroller->index()
10 SYSTEMPATH\CodeIgniter.php(480): CodeIgniter\CodeIgniter->runController(Object(App\Controllers\Frontend\Homecontroller))
11 SYSTEMPATH\CodeIgniter.php(349): CodeIgniter\CodeIgniter->handleRequest(null, Object(Config\Cache), false)
12 FCPATH\index.php(67): CodeIgniter\CodeIgniter->run()
13 SYSTEMPATH\Commands\Server\rewrite.php(47): require_once('FCPATH\\index.php')
CRITICAL - 2022-12-25 03:21:12 --> Call to a member function getResult() on array
in APPPATH\Views\frontend\components\header.php on line 31.
 1 SYSTEMPATH\View\View.php(213): include()
 2 SYSTEMPATH\View\View.php(216): CodeIgniter\View\View->CodeIgniter\View\{closure}()
 3 SYSTEMPATH\View\View.php(431): CodeIgniter\View\View->render('frontend/components/header', null, true)
 4 APPPATH\Views\frontend\home\index.php(46): CodeIgniter\View\View->include('frontend/components/header')
 5 SYSTEMPATH\View\View.php(213): include('APPPATH\\Views\\frontend\\home\\index.php')
 6 SYSTEMPATH\View\View.php(216): CodeIgniter\View\View->CodeIgniter\View\{closure}()
 7 SYSTEMPATH\Common.php(1135): CodeIgniter\View\View->render('frontend/home/index', [], true)
 8 APPPATH\Controllers\Frontend\Homecontroller.php(28): view('frontend/home/index', [...])
 9 SYSTEMPATH\CodeIgniter.php(925): App\Controllers\Frontend\Homecontroller->index()
10 SYSTEMPATH\CodeIgniter.php(480): CodeIgniter\CodeIgniter->runController(Object(App\Controllers\Frontend\Homecontroller))
11 SYSTEMPATH\CodeIgniter.php(349): CodeIgniter\CodeIgniter->handleRequest(null, Object(Config\Cache), false)
12 FCPATH\index.php(67): CodeIgniter\CodeIgniter->run()
13 SYSTEMPATH\Commands\Server\rewrite.php(47): require_once('FCPATH\\index.php')
CRITICAL - 2022-12-25 03:35:11 --> Attempt to read property "icon" on string
in APPPATH\Views\frontend\home\index.php on line 251.
 1 APPPATH\Views\frontend\home\index.php(251): CodeIgniter\Debug\Exceptions->errorHandler(2, 'Attempt to read property "icon" on string', 'APPPATH\\Views\\frontend\\home\\index.php', 251)
 2 SYSTEMPATH\View\View.php(213): include('APPPATH\\Views\\frontend\\home\\index.php')
 3 SYSTEMPATH\View\View.php(216): CodeIgniter\View\View->CodeIgniter\View\{closure}()
 4 SYSTEMPATH\Common.php(1135): CodeIgniter\View\View->render('frontend/home/index', [], true)
 5 APPPATH\Controllers\Frontend\Homecontroller.php(29): view('frontend/home/index', [...])
 6 SYSTEMPATH\CodeIgniter.php(925): App\Controllers\Frontend\Homecontroller->index()
 7 SYSTEMPATH\CodeIgniter.php(480): CodeIgniter\CodeIgniter->runController(Object(App\Controllers\Frontend\Homecontroller))
 8 SYSTEMPATH\CodeIgniter.php(349): CodeIgniter\CodeIgniter->handleRequest(null, Object(Config\Cache), false)
 9 FCPATH\index.php(67): CodeIgniter\CodeIgniter->run()
10 SYSTEMPATH\Commands\Server\rewrite.php(47): require_once('FCPATH\\index.php')
CRITICAL - 2022-12-25 07:44:46 --> Undefined property: mysqli::$link
in APPPATH\Views\frontend\components\header.php on line 32.
 1 APPPATH\Views\frontend\components\header.php(32): CodeIgniter\Debug\Exceptions->errorHandler(2, 'Undefined property: mysqli::$link', 'APPPATH\\Views\\frontend\\components\\header.php', 32)
 2 SYSTEMPATH\View\View.php(213): include('APPPATH\\Views\\frontend\\components\\header.php')
 3 SYSTEMPATH\View\View.php(216): CodeIgniter\View\View->CodeIgniter\View\{closure}()
 4 SYSTEMPATH\View\View.php(431): CodeIgniter\View\View->render('frontend/components/header', null, true)
 5 APPPATH\Views\frontend\category\index.php(49): CodeIgniter\View\View->include('frontend/components/header')
 6 SYSTEMPATH\View\View.php(213): include('APPPATH\\Views\\frontend\\category\\index.php')
 7 SYSTEMPATH\View\View.php(216): CodeIgniter\View\View->CodeIgniter\View\{closure}()
 8 SYSTEMPATH\Common.php(1135): CodeIgniter\View\View->render('frontend/category/index', [], true)
 9 APPPATH\Controllers\Frontend\Categorycontroller.php(20): view('frontend/category/index', [...])
10 SYSTEMPATH\CodeIgniter.php(925): App\Controllers\Frontend\Categorycontroller->index()
11 SYSTEMPATH\CodeIgniter.php(480): CodeIgniter\CodeIgniter->runController(Object(App\Controllers\Frontend\Categorycontroller))
12 SYSTEMPATH\CodeIgniter.php(349): CodeIgniter\CodeIgniter->handleRequest(null, Object(Config\Cache), false)
13 FCPATH\index.php(67): CodeIgniter\CodeIgniter->run()
14 SYSTEMPATH\Commands\Server\rewrite.php(47): require_once('FCPATH\\index.php')
CRITICAL - 2022-12-25 08:08:11 --> Undefined property: stdClass::$name
in APPPATH\Views\frontend\home\index.php on line 314.
 1 APPPATH\Views\frontend\home\index.php(314): CodeIgniter\Debug\Exceptions->errorHandler(2, 'Undefined property: stdClass::$name', 'APPPATH\\Views\\frontend\\home\\index.php', 314)
 2 SYSTEMPATH\View\View.php(213): include('APPPATH\\Views\\frontend\\home\\index.php')
 3 SYSTEMPATH\View\View.php(216): CodeIgniter\View\View->CodeIgniter\View\{closure}()
 4 SYSTEMPATH\Common.php(1135): CodeIgniter\View\View->render('frontend/home/index', [], true)
 5 APPPATH\Controllers\Frontend\Homecontroller.php(32): view('frontend/home/index', [...])
 6 SYSTEMPATH\CodeIgniter.php(925): App\Controllers\Frontend\Homecontroller->index()
 7 SYSTEMPATH\CodeIgniter.php(480): CodeIgniter\CodeIgniter->runController(Object(App\Controllers\Frontend\Homecontroller))
 8 SYSTEMPATH\CodeIgniter.php(349): CodeIgniter\CodeIgniter->handleRequest(null, Object(Config\Cache), false)
 9 FCPATH\index.php(67): CodeIgniter\CodeIgniter->run()
10 SYSTEMPATH\Commands\Server\rewrite.php(47): require_once('FCPATH\\index.php')
ERROR - 2022-12-25 19:00:33 --> Error connecting to the database: mysqli_sql_exception: Unknown database 'nadi-diasproject' in C:\xampp-8-1-12\htdocs\nadi-diasproject\system\Database\MySQLi\Connection.php:171
Stack trace:
#0 C:\xampp-8-1-12\htdocs\nadi-diasproject\system\Database\MySQLi\Connection.php(171): mysqli->real_connect('localhost', 'root', '', 'nadi-diasprojec...', 3306, '', 0)
#1 C:\xampp-8-1-12\htdocs\nadi-diasproject\system\Database\BaseConnection.php(382): CodeIgniter\Database\MySQLi\Connection->connect(false)
#2 C:\xampp-8-1-12\htdocs\nadi-diasproject\system\Database\BaseConnection.php(561): CodeIgniter\Database\BaseConnection->initialize()
#3 C:\xampp-8-1-12\htdocs\nadi-diasproject\system\Database\BaseBuilder.php(1585): CodeIgniter\Database\BaseConnection->query('SELECT *\nFROM `...', Array, false)
#4 C:\xampp-8-1-12\htdocs\nadi-diasproject\app\Controllers\Frontend\Homecontroller.php(9): CodeIgniter\Database\BaseBuilder->get()
#5 C:\xampp-8-1-12\htdocs\nadi-diasproject\system\CodeIgniter.php(887): App\Controllers\Frontend\Homecontroller->__construct()
#6 C:\xampp-8-1-12\htdocs\nadi-diasproject\system\CodeIgniter.php(471): CodeIgniter\CodeIgniter->createController()
#7 C:\xampp-8-1-12\htdocs\nadi-diasproject\system\CodeIgniter.php(349): CodeIgniter\CodeIgniter->handleRequest(NULL, Object(Config\Cache), false)
#8 C:\xampp-8-1-12\htdocs\nadi-diasproject\public\index.php(67): CodeIgniter\CodeIgniter->run()
#9 C:\xampp-8-1-12\htdocs\nadi-diasproject\system\Commands\Server\rewrite.php(47): require_once('C:\\xampp-8-1-12...')
#10 {main}

Next CodeIgniter\Database\Exceptions\DatabaseException: Unknown database 'nadi-diasproject' in C:\xampp-8-1-12\htdocs\nadi-diasproject\system\Database\MySQLi\Connection.php:215
Stack trace:
#0 C:\xampp-8-1-12\htdocs\nadi-diasproject\system\Database\BaseConnection.php(382): CodeIgniter\Database\MySQLi\Connection->connect(false)
#1 C:\xampp-8-1-12\htdocs\nadi-diasproject\system\Database\BaseConnection.php(561): CodeIgniter\Database\BaseConnection->initialize()
#2 C:\xampp-8-1-12\htdocs\nadi-diasproject\system\Database\BaseBuilder.php(1585): CodeIgniter\Database\BaseConnection->query('SELECT *\nFROM `...', Array, false)
#3 C:\xampp-8-1-12\htdocs\nadi-diasproject\app\Controllers\Frontend\Homecontroller.php(9): CodeIgniter\Database\BaseBuilder->get()
#4 C:\xampp-8-1-12\htdocs\nadi-diasproject\system\CodeIgniter.php(887): App\Controllers\Frontend\Homecontroller->__construct()
#5 C:\xampp-8-1-12\htdocs\nadi-diasproject\system\CodeIgniter.php(471): CodeIgniter\CodeIgniter->createController()
#6 C:\xampp-8-1-12\htdocs\nadi-diasproject\system\CodeIgniter.php(349): CodeIgniter\CodeIgniter->handleRequest(NULL, Object(Config\Cache), false)
#7 C:\xampp-8-1-12\htdocs\nadi-diasproject\public\index.php(67): CodeIgniter\CodeIgniter->run()
#8 C:\xampp-8-1-12\htdocs\nadi-diasproject\system\Commands\Server\rewrite.php(47): require_once('C:\\xampp-8-1-12...')
#9 {main}
CRITICAL - 2022-12-25 19:00:33 --> Unable to connect to the database.
Main connection [MySQLi]: Unknown database 'nadi-diasproject'
in SYSTEMPATH\Database\BaseConnection.php on line 418.
 1 SYSTEMPATH\Database\BaseConnection.php(561): CodeIgniter\Database\BaseConnection->initialize()
 2 SYSTEMPATH\Database\BaseBuilder.php(1585): CodeIgniter\Database\BaseConnection->query('SELECT *
FROM `configuration`', [], false)
 3 APPPATH\Controllers\Frontend\Homecontroller.php(9): CodeIgniter\Database\BaseBuilder->get()
 4 SYSTEMPATH\CodeIgniter.php(887): App\Controllers\Frontend\Homecontroller->__construct()
 5 SYSTEMPATH\CodeIgniter.php(471): CodeIgniter\CodeIgniter->createController()
 6 SYSTEMPATH\CodeIgniter.php(349): CodeIgniter\CodeIgniter->handleRequest(null, Object(Config\Cache), false)
 7 FCPATH\index.php(67): CodeIgniter\CodeIgniter->run()
 8 SYSTEMPATH\Commands\Server\rewrite.php(47): require_once('FCPATH\\index.php')
ERROR - 2022-12-25 19:00:33 --> Error connecting to the database: mysqli_sql_exception: Unknown database 'nadi-diasproject' in C:\xampp-8-1-12\htdocs\nadi-diasproject\system\Database\MySQLi\Connection.php:171
Stack trace:
#0 C:\xampp-8-1-12\htdocs\nadi-diasproject\system\Database\MySQLi\Connection.php(171): mysqli->real_connect('localhost', 'root', '', 'nadi-diasprojec...', 3306, '', 0)
#1 C:\xampp-8-1-12\htdocs\nadi-diasproject\system\Database\BaseConnection.php(382): CodeIgniter\Database\MySQLi\Connection->connect(false)
#2 C:\xampp-8-1-12\htdocs\nadi-diasproject\system\Database\BaseConnection.php(561): CodeIgniter\Database\BaseConnection->initialize()
#3 C:\xampp-8-1-12\htdocs\nadi-diasproject\system\Database\BaseBuilder.php(1585): CodeIgniter\Database\BaseConnection->query('SELECT *\nFROM `...', Array, false)
#4 C:\xampp-8-1-12\htdocs\nadi-diasproject\app\Controllers\Frontend\Homecontroller.php(9): CodeIgniter\Database\BaseBuilder->get()
#5 C:\xampp-8-1-12\htdocs\nadi-diasproject\system\CodeIgniter.php(887): App\Controllers\Frontend\Homecontroller->__construct()
#6 C:\xampp-8-1-12\htdocs\nadi-diasproject\system\CodeIgniter.php(471): CodeIgniter\CodeIgniter->createController()
#7 C:\xampp-8-1-12\htdocs\nadi-diasproject\system\CodeIgniter.php(349): CodeIgniter\CodeIgniter->handleRequest(NULL, Object(Config\Cache), false)
#8 C:\xampp-8-1-12\htdocs\nadi-diasproject\public\index.php(67): CodeIgniter\CodeIgniter->run()
#9 C:\xampp-8-1-12\htdocs\nadi-diasproject\system\Commands\Server\rewrite.php(47): require_once('C:\\xampp-8-1-12...')
#10 {main}

Next CodeIgniter\Database\Exceptions\DatabaseException: Unknown database 'nadi-diasproject' in C:\xampp-8-1-12\htdocs\nadi-diasproject\system\Database\MySQLi\Connection.php:215
Stack trace:
#0 C:\xampp-8-1-12\htdocs\nadi-diasproject\system\Database\BaseConnection.php(382): CodeIgniter\Database\MySQLi\Connection->connect(false)
#1 C:\xampp-8-1-12\htdocs\nadi-diasproject\system\Database\BaseConnection.php(561): CodeIgniter\Database\BaseConnection->initialize()
#2 C:\xampp-8-1-12\htdocs\nadi-diasproject\system\Database\BaseBuilder.php(1585): CodeIgniter\Database\BaseConnection->query('SELECT *\nFROM `...', Array, false)
#3 C:\xampp-8-1-12\htdocs\nadi-diasproject\app\Controllers\Frontend\Homecontroller.php(9): CodeIgniter\Database\BaseBuilder->get()
#4 C:\xampp-8-1-12\htdocs\nadi-diasproject\system\CodeIgniter.php(887): App\Controllers\Frontend\Homecontroller->__construct()
#5 C:\xampp-8-1-12\htdocs\nadi-diasproject\system\CodeIgniter.php(471): CodeIgniter\CodeIgniter->createController()
#6 C:\xampp-8-1-12\htdocs\nadi-diasproject\system\CodeIgniter.php(349): CodeIgniter\CodeIgniter->handleRequest(NULL, Object(Config\Cache), false)
#7 C:\xampp-8-1-12\htdocs\nadi-diasproject\public\index.php(67): CodeIgniter\CodeIgniter->run()
#8 C:\xampp-8-1-12\htdocs\nadi-diasproject\system\Commands\Server\rewrite.php(47): require_once('C:\\xampp-8-1-12...')
#9 {main}
CRITICAL - 2022-12-25 19:00:33 --> Unable to connect to the database.
Main connection [MySQLi]: Unknown database 'nadi-diasproject'
in SYSTEMPATH\Database\BaseConnection.php on line 418.
 1 SYSTEMPATH\Database\BaseConnection.php(561): CodeIgniter\Database\BaseConnection->initialize()
 2 SYSTEMPATH\Database\BaseBuilder.php(1585): CodeIgniter\Database\BaseConnection->query('SELECT *
FROM `configuration`', [], false)
 3 APPPATH\Controllers\Frontend\Homecontroller.php(9): CodeIgniter\Database\BaseBuilder->get()
 4 SYSTEMPATH\CodeIgniter.php(887): App\Controllers\Frontend\Homecontroller->__construct()
 5 SYSTEMPATH\CodeIgniter.php(471): CodeIgniter\CodeIgniter->createController()
 6 SYSTEMPATH\CodeIgniter.php(349): CodeIgniter\CodeIgniter->handleRequest(null, Object(Config\Cache), false)
 7 FCPATH\index.php(67): CodeIgniter\CodeIgniter->run()
 8 SYSTEMPATH\Commands\Server\rewrite.php(47): require_once('FCPATH\\index.php')
ERROR - 2022-12-25 19:01:06 --> Error connecting to the database: mysqli_sql_exception: Unknown database 'nadi-diasproject' in C:\xampp-8-1-12\htdocs\nadi-diasproject\system\Database\MySQLi\Connection.php:171
Stack trace:
#0 C:\xampp-8-1-12\htdocs\nadi-diasproject\system\Database\MySQLi\Connection.php(171): mysqli->real_connect('localhost', 'root', '', 'nadi-diasprojec...', 3306, '', 0)
#1 C:\xampp-8-1-12\htdocs\nadi-diasproject\system\Database\BaseConnection.php(382): CodeIgniter\Database\MySQLi\Connection->connect(false)
#2 C:\xampp-8-1-12\htdocs\nadi-diasproject\system\Database\BaseConnection.php(561): CodeIgniter\Database\BaseConnection->initialize()
#3 C:\xampp-8-1-12\htdocs\nadi-diasproject\system\Database\BaseBuilder.php(1585): CodeIgniter\Database\BaseConnection->query('SELECT *\nFROM `...', Array, false)
#4 C:\xampp-8-1-12\htdocs\nadi-diasproject\app\Controllers\Frontend\Homecontroller.php(9): CodeIgniter\Database\BaseBuilder->get()
#5 C:\xampp-8-1-12\htdocs\nadi-diasproject\system\CodeIgniter.php(887): App\Controllers\Frontend\Homecontroller->__construct()
#6 C:\xampp-8-1-12\htdocs\nadi-diasproject\system\CodeIgniter.php(471): CodeIgniter\CodeIgniter->createController()
#7 C:\xampp-8-1-12\htdocs\nadi-diasproject\system\CodeIgniter.php(349): CodeIgniter\CodeIgniter->handleRequest(NULL, Object(Config\Cache), false)
#8 C:\xampp-8-1-12\htdocs\nadi-diasproject\public\index.php(67): CodeIgniter\CodeIgniter->run()
#9 C:\xampp-8-1-12\htdocs\nadi-diasproject\system\Commands\Server\rewrite.php(47): require_once('C:\\xampp-8-1-12...')
#10 {main}

Next CodeIgniter\Database\Exceptions\DatabaseException: Unknown database 'nadi-diasproject' in C:\xampp-8-1-12\htdocs\nadi-diasproject\system\Database\MySQLi\Connection.php:215
Stack trace:
#0 C:\xampp-8-1-12\htdocs\nadi-diasproject\system\Database\BaseConnection.php(382): CodeIgniter\Database\MySQLi\Connection->connect(false)
#1 C:\xampp-8-1-12\htdocs\nadi-diasproject\system\Database\BaseConnection.php(561): CodeIgniter\Database\BaseConnection->initialize()
#2 C:\xampp-8-1-12\htdocs\nadi-diasproject\system\Database\BaseBuilder.php(1585): CodeIgniter\Database\BaseConnection->query('SELECT *\nFROM `...', Array, false)
#3 C:\xampp-8-1-12\htdocs\nadi-diasproject\app\Controllers\Frontend\Homecontroller.php(9): CodeIgniter\Database\BaseBuilder->get()
#4 C:\xampp-8-1-12\htdocs\nadi-diasproject\system\CodeIgniter.php(887): App\Controllers\Frontend\Homecontroller->__construct()
#5 C:\xampp-8-1-12\htdocs\nadi-diasproject\system\CodeIgniter.php(471): CodeIgniter\CodeIgniter->createController()
#6 C:\xampp-8-1-12\htdocs\nadi-diasproject\system\CodeIgniter.php(349): CodeIgniter\CodeIgniter->handleRequest(NULL, Object(Config\Cache), false)
#7 C:\xampp-8-1-12\htdocs\nadi-diasproject\public\index.php(67): CodeIgniter\CodeIgniter->run()
#8 C:\xampp-8-1-12\htdocs\nadi-diasproject\system\Commands\Server\rewrite.php(47): require_once('C:\\xampp-8-1-12...')
#9 {main}
CRITICAL - 2022-12-25 19:01:06 --> Unable to connect to the database.
Main connection [MySQLi]: Unknown database 'nadi-diasproject'
in SYSTEMPATH\Database\BaseConnection.php on line 418.
 1 SYSTEMPATH\Database\BaseConnection.php(561): CodeIgniter\Database\BaseConnection->initialize()
 2 SYSTEMPATH\Database\BaseBuilder.php(1585): CodeIgniter\Database\BaseConnection->query('SELECT *
FROM `configuration`', [], false)
 3 APPPATH\Controllers\Frontend\Homecontroller.php(9): CodeIgniter\Database\BaseBuilder->get()
 4 SYSTEMPATH\CodeIgniter.php(887): App\Controllers\Frontend\Homecontroller->__construct()
 5 SYSTEMPATH\CodeIgniter.php(471): CodeIgniter\CodeIgniter->createController()
 6 SYSTEMPATH\CodeIgniter.php(349): CodeIgniter\CodeIgniter->handleRequest(null, Object(Config\Cache), false)
 7 FCPATH\index.php(67): CodeIgniter\CodeIgniter->run()
 8 SYSTEMPATH\Commands\Server\rewrite.php(47): require_once('FCPATH\\index.php')
CRITICAL - 2022-12-25 19:04:15 --> Attempt to read property "title" on null
in APPPATH\Views\frontend\home\index.php on line 8.
 1 APPPATH\Views\frontend\home\index.php(8): CodeIgniter\Debug\Exceptions->errorHandler(2, 'Attempt to read property "title" on null', 'APPPATH\\Views\\frontend\\home\\index.php', 8)
 2 SYSTEMPATH\View\View.php(213): include('APPPATH\\Views\\frontend\\home\\index.php')
 3 SYSTEMPATH\View\View.php(216): CodeIgniter\View\View->CodeIgniter\View\{closure}()
 4 SYSTEMPATH\Common.php(1135): CodeIgniter\View\View->render('frontend/home/index', [], true)
 5 APPPATH\Controllers\Frontend\Homecontroller.php(32): view('frontend/home/index', [...])
 6 SYSTEMPATH\CodeIgniter.php(925): App\Controllers\Frontend\Homecontroller->index()
 7 SYSTEMPATH\CodeIgniter.php(480): CodeIgniter\CodeIgniter->runController(Object(App\Controllers\Frontend\Homecontroller))
 8 SYSTEMPATH\CodeIgniter.php(349): CodeIgniter\CodeIgniter->handleRequest(null, Object(Config\Cache), false)
 9 FCPATH\index.php(67): CodeIgniter\CodeIgniter->run()
10 SYSTEMPATH\Commands\Server\rewrite.php(47): require_once('FCPATH\\index.php')
CRITICAL - 2022-12-25 19:05:48 --> Attempt to read property "status" on null
in APPPATH\Views\frontend\home\index.php on line 208.
 1 APPPATH\Views\frontend\home\index.php(208): CodeIgniter\Debug\Exceptions->errorHandler(2, 'Attempt to read property "status" on null', 'APPPATH\\Views\\frontend\\home\\index.php', 208)
 2 SYSTEMPATH\View\View.php(213): include('APPPATH\\Views\\frontend\\home\\index.php')
 3 SYSTEMPATH\View\View.php(216): CodeIgniter\View\View->CodeIgniter\View\{closure}()
 4 SYSTEMPATH\Common.php(1135): CodeIgniter\View\View->render('frontend/home/index', [], true)
 5 APPPATH\Controllers\Frontend\Homecontroller.php(32): view('frontend/home/index', [...])
 6 SYSTEMPATH\CodeIgniter.php(925): App\Controllers\Frontend\Homecontroller->index()
 7 SYSTEMPATH\CodeIgniter.php(480): CodeIgniter\CodeIgniter->runController(Object(App\Controllers\Frontend\Homecontroller))
 8 SYSTEMPATH\CodeIgniter.php(349): CodeIgniter\CodeIgniter->handleRequest(null, Object(Config\Cache), false)
 9 FCPATH\index.php(67): CodeIgniter\CodeIgniter->run()
10 SYSTEMPATH\Commands\Server\rewrite.php(47): require_once('FCPATH\\index.php')
CRITICAL - 2022-12-25 19:06:36 --> Attempt to read property "status" on null
in APPPATH\Views\frontend\home\index.php on line 273.
 1 APPPATH\Views\frontend\home\index.php(273): CodeIgniter\Debug\Exceptions->errorHandler(2, 'Attempt to read property "status" on null', 'APPPATH\\Views\\frontend\\home\\index.php', 273)
 2 SYSTEMPATH\View\View.php(213): include('APPPATH\\Views\\frontend\\home\\index.php')
 3 SYSTEMPATH\View\View.php(216): CodeIgniter\View\View->CodeIgniter\View\{closure}()
 4 SYSTEMPATH\Common.php(1135): CodeIgniter\View\View->render('frontend/home/index', [], true)
 5 APPPATH\Controllers\Frontend\Homecontroller.php(32): view('frontend/home/index', [...])
 6 SYSTEMPATH\CodeIgniter.php(925): App\Controllers\Frontend\Homecontroller->index()
 7 SYSTEMPATH\CodeIgniter.php(480): CodeIgniter\CodeIgniter->runController(Object(App\Controllers\Frontend\Homecontroller))
 8 SYSTEMPATH\CodeIgniter.php(349): CodeIgniter\CodeIgniter->handleRequest(null, Object(Config\Cache), false)
 9 FCPATH\index.php(67): CodeIgniter\CodeIgniter->run()
10 SYSTEMPATH\Commands\Server\rewrite.php(47): require_once('FCPATH\\index.php')
CRITICAL - 2022-12-25 19:07:33 --> Undefined property: mysqli::$link
in APPPATH\Views\frontend\components\header.php on line 32.
 1 APPPATH\Views\frontend\components\header.php(32): CodeIgniter\Debug\Exceptions->errorHandler(2, 'Undefined property: mysqli::$link', 'APPPATH\\Views\\frontend\\components\\header.php', 32)
 2 SYSTEMPATH\View\View.php(213): include('APPPATH\\Views\\frontend\\components\\header.php')
 3 SYSTEMPATH\View\View.php(216): CodeIgniter\View\View->CodeIgniter\View\{closure}()
 4 SYSTEMPATH\View\View.php(431): CodeIgniter\View\View->render('frontend/components/header', null, true)
 5 APPPATH\Views\frontend\product\index.php(47): CodeIgniter\View\View->include('frontend/components/header')
 6 SYSTEMPATH\View\View.php(213): include('APPPATH\\Views\\frontend\\product\\index.php')
 7 SYSTEMPATH\View\View.php(216): CodeIgniter\View\View->CodeIgniter\View\{closure}()
 8 SYSTEMPATH\Common.php(1135): CodeIgniter\View\View->render('frontend/product/index', [], true)
 9 APPPATH\Controllers\Frontend\Productcontroller.php(20): view('frontend/product/index', [...])
10 SYSTEMPATH\CodeIgniter.php(925): App\Controllers\Frontend\Productcontroller->index()
11 SYSTEMPATH\CodeIgniter.php(480): CodeIgniter\CodeIgniter->runController(Object(App\Controllers\Frontend\Productcontroller))
12 SYSTEMPATH\CodeIgniter.php(349): CodeIgniter\CodeIgniter->handleRequest(null, Object(Config\Cache), false)
13 FCPATH\index.php(67): CodeIgniter\CodeIgniter->run()
14 SYSTEMPATH\Commands\Server\rewrite.php(47): require_once('FCPATH\\index.php')
CRITICAL - 2022-12-25 19:07:50 --> Undefined property: mysqli::$link
in APPPATH\Views\frontend\components\header.php on line 32.
 1 APPPATH\Views\frontend\components\header.php(32): CodeIgniter\Debug\Exceptions->errorHandler(2, 'Undefined property: mysqli::$link', 'APPPATH\\Views\\frontend\\components\\header.php', 32)
 2 SYSTEMPATH\View\View.php(213): include('APPPATH\\Views\\frontend\\components\\header.php')
 3 SYSTEMPATH\View\View.php(216): CodeIgniter\View\View->CodeIgniter\View\{closure}()
 4 SYSTEMPATH\View\View.php(431): CodeIgniter\View\View->render('frontend/components/header', null, true)
 5 APPPATH\Views\frontend\cart\index.php(48): CodeIgniter\View\View->include('frontend/components/header')
 6 SYSTEMPATH\View\View.php(213): include('APPPATH\\Views\\frontend\\cart\\index.php')
 7 SYSTEMPATH\View\View.php(216): CodeIgniter\View\View->CodeIgniter\View\{closure}()
 8 SYSTEMPATH\Common.php(1135): CodeIgniter\View\View->render('frontend/cart/index', [], true)
 9 APPPATH\Controllers\Frontend\Cartcontroller.php(20): view('frontend/cart/index', [...])
10 SYSTEMPATH\CodeIgniter.php(925): App\Controllers\Frontend\Cartcontroller->index()
11 SYSTEMPATH\CodeIgniter.php(480): CodeIgniter\CodeIgniter->runController(Object(App\Controllers\Frontend\Cartcontroller))
12 SYSTEMPATH\CodeIgniter.php(349): CodeIgniter\CodeIgniter->handleRequest(null, Object(Config\Cache), false)
13 FCPATH\index.php(67): CodeIgniter\CodeIgniter->run()
14 SYSTEMPATH\Commands\Server\rewrite.php(47): require_once('FCPATH\\index.php')
CRITICAL - 2022-12-25 19:07:53 --> Undefined property: mysqli::$link
in APPPATH\Views\frontend\components\header.php on line 32.
 1 APPPATH\Views\frontend\components\header.php(32): CodeIgniter\Debug\Exceptions->errorHandler(2, 'Undefined property: mysqli::$link', 'APPPATH\\Views\\frontend\\components\\header.php', 32)
 2 SYSTEMPATH\View\View.php(213): include('APPPATH\\Views\\frontend\\components\\header.php')
 3 SYSTEMPATH\View\View.php(216): CodeIgniter\View\View->CodeIgniter\View\{closure}()
 4 SYSTEMPATH\View\View.php(431): CodeIgniter\View\View->render('frontend/components/header', null, true)
 5 APPPATH\Views\frontend\wishlist\index.php(45): CodeIgniter\View\View->include('frontend/components/header')
 6 SYSTEMPATH\View\View.php(213): include('APPPATH\\Views\\frontend\\wishlist\\index.php')
 7 SYSTEMPATH\View\View.php(216): CodeIgniter\View\View->CodeIgniter\View\{closure}()
 8 SYSTEMPATH\Common.php(1135): CodeIgniter\View\View->render('frontend/wishlist/index', [], true)
 9 APPPATH\Controllers\Frontend\Wishlistcontroller.php(20): view('frontend/wishlist/index', [...])
10 SYSTEMPATH\CodeIgniter.php(925): App\Controllers\Frontend\Wishlistcontroller->index()
11 SYSTEMPATH\CodeIgniter.php(480): CodeIgniter\CodeIgniter->runController(Object(App\Controllers\Frontend\Wishlistcontroller))
12 SYSTEMPATH\CodeIgniter.php(349): CodeIgniter\CodeIgniter->handleRequest(null, Object(Config\Cache), false)
13 FCPATH\index.php(67): CodeIgniter\CodeIgniter->run()
14 SYSTEMPATH\Commands\Server\rewrite.php(47): require_once('FCPATH\\index.php')
CRITICAL - 2022-12-25 22:19:44 --> explode(): Argument #2 ($string) must be of type string, array given
in SYSTEMPATH\Router\Router.php on line 462.
 1 SYSTEMPATH\Router\Router.php(462): explode('::', [...])
 2 SYSTEMPATH\Router\Router.php(181): CodeIgniter\Router\Router->checkRoutes('admin')
 3 SYSTEMPATH\CodeIgniter.php(800): CodeIgniter\Router\Router->handle('admin')
 4 SYSTEMPATH\CodeIgniter.php(428): CodeIgniter\CodeIgniter->tryToRouteIt(Object(CodeIgniter\Router\RouteCollection))
 5 SYSTEMPATH\CodeIgniter.php(349): CodeIgniter\CodeIgniter->handleRequest(null, Object(Config\Cache), false)
 6 FCPATH\index.php(67): CodeIgniter\CodeIgniter->run()
 7 SYSTEMPATH\Commands\Server\rewrite.php(47): require_once('FCPATH\\index.php')
CRITICAL - 2022-12-25 22:19:46 --> explode(): Argument #2 ($string) must be of type string, array given
in SYSTEMPATH\Router\Router.php on line 462.
 1 SYSTEMPATH\Router\Router.php(462): explode('::', [...])
 2 SYSTEMPATH\Router\Router.php(181): CodeIgniter\Router\Router->checkRoutes('admin')
 3 SYSTEMPATH\CodeIgniter.php(800): CodeIgniter\Router\Router->handle('admin')
 4 SYSTEMPATH\CodeIgniter.php(428): CodeIgniter\CodeIgniter->tryToRouteIt(Object(CodeIgniter\Router\RouteCollection))
 5 SYSTEMPATH\CodeIgniter.php(349): CodeIgniter\CodeIgniter->handleRequest(null, Object(Config\Cache), false)
 6 FCPATH\index.php(67): CodeIgniter\CodeIgniter->run()
 7 SYSTEMPATH\Commands\Server\rewrite.php(47): require_once('FCPATH\\index.php')
CRITICAL - 2022-12-25 22:19:48 --> explode(): Argument #2 ($string) must be of type string, array given
in SYSTEMPATH\Router\Router.php on line 462.
 1 SYSTEMPATH\Router\Router.php(462): explode('::', [...])
 2 SYSTEMPATH\Router\Router.php(181): CodeIgniter\Router\Router->checkRoutes('admin')
 3 SYSTEMPATH\CodeIgniter.php(800): CodeIgniter\Router\Router->handle('admin')
 4 SYSTEMPATH\CodeIgniter.php(428): CodeIgniter\CodeIgniter->tryToRouteIt(Object(CodeIgniter\Router\RouteCollection))
 5 SYSTEMPATH\CodeIgniter.php(349): CodeIgniter\CodeIgniter->handleRequest(null, Object(Config\Cache), false)
 6 FCPATH\index.php(67): CodeIgniter\CodeIgniter->run()
 7 SYSTEMPATH\Commands\Server\rewrite.php(47): require_once('FCPATH\\index.php')
CRITICAL - 2022-12-25 22:19:49 --> explode(): Argument #2 ($string) must be of type string, array given
in SYSTEMPATH\Router\Router.php on line 462.
 1 SYSTEMPATH\Router\Router.php(462): explode('::', [...])
 2 SYSTEMPATH\Router\Router.php(181): CodeIgniter\Router\Router->checkRoutes('admin')
 3 SYSTEMPATH\CodeIgniter.php(800): CodeIgniter\Router\Router->handle('admin')
 4 SYSTEMPATH\CodeIgniter.php(428): CodeIgniter\CodeIgniter->tryToRouteIt(Object(CodeIgniter\Router\RouteCollection))
 5 SYSTEMPATH\CodeIgniter.php(349): CodeIgniter\CodeIgniter->handleRequest(null, Object(Config\Cache), false)
 6 FCPATH\index.php(67): CodeIgniter\CodeIgniter->run()
 7 SYSTEMPATH\Commands\Server\rewrite.php(47): require_once('FCPATH\\index.php')
CRITICAL - 2022-12-25 22:21:23 --> explode(): Argument #2 ($string) must be of type string, array given
in SYSTEMPATH\Router\Router.php on line 462.
 1 SYSTEMPATH\Router\Router.php(462): explode('::', [...])
 2 SYSTEMPATH\Router\Router.php(181): CodeIgniter\Router\Router->checkRoutes('admin')
 3 SYSTEMPATH\CodeIgniter.php(800): CodeIgniter\Router\Router->handle('admin')
 4 SYSTEMPATH\CodeIgniter.php(428): CodeIgniter\CodeIgniter->tryToRouteIt(Object(CodeIgniter\Router\RouteCollection))
 5 SYSTEMPATH\CodeIgniter.php(349): CodeIgniter\CodeIgniter->handleRequest(null, Object(Config\Cache), false)
 6 FCPATH\index.php(67): CodeIgniter\CodeIgniter->run()
 7 SYSTEMPATH\Commands\Server\rewrite.php(47): require_once('FCPATH\\index.php')
CRITICAL - 2022-12-25 22:21:45 --> Class "Config\App\Filters\Auth" not found
in SYSTEMPATH\Filters\Filters.php on line 166.
 1 SYSTEMPATH\CodeIgniter.php(453): CodeIgniter\Filters\Filters->run('admin', 'before')
 2 SYSTEMPATH\CodeIgniter.php(349): CodeIgniter\CodeIgniter->handleRequest(null, Object(Config\Cache), false)
 3 FCPATH\index.php(67): CodeIgniter\CodeIgniter->run()
 4 SYSTEMPATH\Commands\Server\rewrite.php(47): require_once('FCPATH\\index.php')
CRITICAL - 2022-12-25 22:22:24 --> Class "Config\App\Filters\Auth" not found
in SYSTEMPATH\Filters\Filters.php on line 166.
 1 SYSTEMPATH\CodeIgniter.php(453): CodeIgniter\Filters\Filters->run('admin', 'before')
 2 SYSTEMPATH\CodeIgniter.php(349): CodeIgniter\CodeIgniter->handleRequest(null, Object(Config\Cache), false)
 3 FCPATH\index.php(67): CodeIgniter\CodeIgniter->run()
 4 SYSTEMPATH\Commands\Server\rewrite.php(47): require_once('FCPATH\\index.php')
CRITICAL - 2022-12-25 22:22:25 --> Class "Config\App\Filters\Auth" not found
in SYSTEMPATH\Filters\Filters.php on line 166.
 1 SYSTEMPATH\CodeIgniter.php(453): CodeIgniter\Filters\Filters->run('admin', 'before')
 2 SYSTEMPATH\CodeIgniter.php(349): CodeIgniter\CodeIgniter->handleRequest(null, Object(Config\Cache), false)
 3 FCPATH\index.php(67): CodeIgniter\CodeIgniter->run()
 4 SYSTEMPATH\Commands\Server\rewrite.php(47): require_once('FCPATH\\index.php')
CRITICAL - 2022-12-25 22:22:25 --> Class "Config\App\Filters\Auth" not found
in SYSTEMPATH\Filters\Filters.php on line 166.
 1 SYSTEMPATH\CodeIgniter.php(453): CodeIgniter\Filters\Filters->run('admin', 'before')
 2 SYSTEMPATH\CodeIgniter.php(349): CodeIgniter\CodeIgniter->handleRequest(null, Object(Config\Cache), false)
 3 FCPATH\index.php(67): CodeIgniter\CodeIgniter->run()
 4 SYSTEMPATH\Commands\Server\rewrite.php(47): require_once('FCPATH\\index.php')
CRITICAL - 2022-12-25 22:22:45 --> Class "Config\App\Filters\Auth" not found
in SYSTEMPATH\Filters\Filters.php on line 166.
 1 SYSTEMPATH\CodeIgniter.php(453): CodeIgniter\Filters\Filters->run('admin', 'before')
 2 SYSTEMPATH\CodeIgniter.php(349): CodeIgniter\CodeIgniter->handleRequest(null, Object(Config\Cache), false)
 3 FCPATH\index.php(67): CodeIgniter\CodeIgniter->run()
 4 SYSTEMPATH\Commands\Server\rewrite.php(47): require_once('FCPATH\\index.php')
CRITICAL - 2022-12-25 22:22:45 --> Class "Config\App\Filters\Auth" not found
in SYSTEMPATH\Filters\Filters.php on line 166.
 1 SYSTEMPATH\CodeIgniter.php(453): CodeIgniter\Filters\Filters->run('admin', 'before')
 2 SYSTEMPATH\CodeIgniter.php(349): CodeIgniter\CodeIgniter->handleRequest(null, Object(Config\Cache), false)
 3 FCPATH\index.php(67): CodeIgniter\CodeIgniter->run()
 4 SYSTEMPATH\Commands\Server\rewrite.php(47): require_once('FCPATH\\index.php')
CRITICAL - 2022-12-25 22:22:46 --> Class "Config\App\Filters\Auth" not found
in SYSTEMPATH\Filters\Filters.php on line 166.
 1 SYSTEMPATH\CodeIgniter.php(453): CodeIgniter\Filters\Filters->run('admin', 'before')
 2 SYSTEMPATH\CodeIgniter.php(349): CodeIgniter\CodeIgniter->handleRequest(null, Object(Config\Cache), false)
 3 FCPATH\index.php(67): CodeIgniter\CodeIgniter->run()
 4 SYSTEMPATH\Commands\Server\rewrite.php(47): require_once('FCPATH\\index.php')
CRITICAL - 2022-12-25 22:24:00 --> Class "Config\App\Filters\Auth" not found
in SYSTEMPATH\Filters\Filters.php on line 166.
 1 SYSTEMPATH\CodeIgniter.php(453): CodeIgniter\Filters\Filters->run('admin', 'before')
 2 SYSTEMPATH\CodeIgniter.php(349): CodeIgniter\CodeIgniter->handleRequest(null, Object(Config\Cache), false)
 3 FCPATH\index.php(67): CodeIgniter\CodeIgniter->run()
 4 SYSTEMPATH\Commands\Server\rewrite.php(47): require_once('FCPATH\\index.php')
CRITICAL - 2022-12-25 22:24:01 --> Class "Config\App\Filters\Auth" not found
in SYSTEMPATH\Filters\Filters.php on line 166.
 1 SYSTEMPATH\CodeIgniter.php(453): CodeIgniter\Filters\Filters->run('admin', 'before')
 2 SYSTEMPATH\CodeIgniter.php(349): CodeIgniter\CodeIgniter->handleRequest(null, Object(Config\Cache), false)
 3 FCPATH\index.php(67): CodeIgniter\CodeIgniter->run()
 4 SYSTEMPATH\Commands\Server\rewrite.php(47): require_once('FCPATH\\index.php')
CRITICAL - 2022-12-25 22:24:01 --> Class "Config\App\Filters\Auth" not found
in SYSTEMPATH\Filters\Filters.php on line 166.
 1 SYSTEMPATH\CodeIgniter.php(453): CodeIgniter\Filters\Filters->run('admin', 'before')
 2 SYSTEMPATH\CodeIgniter.php(349): CodeIgniter\CodeIgniter->handleRequest(null, Object(Config\Cache), false)
 3 FCPATH\index.php(67): CodeIgniter\CodeIgniter->run()
 4 SYSTEMPATH\Commands\Server\rewrite.php(47): require_once('FCPATH\\index.php')
CRITICAL - 2022-12-25 22:25:06 --> Class "CodeIgniter\Filters\Auth" not found
in SYSTEMPATH\Filters\Filters.php on line 166.
 1 SYSTEMPATH\CodeIgniter.php(453): CodeIgniter\Filters\Filters->run('admin', 'before')
 2 SYSTEMPATH\CodeIgniter.php(349): CodeIgniter\CodeIgniter->handleRequest(null, Object(Config\Cache), false)
 3 FCPATH\index.php(67): CodeIgniter\CodeIgniter->run()
 4 SYSTEMPATH\Commands\Server\rewrite.php(47): require_once('FCPATH\\index.php')
CRITICAL - 2022-12-25 22:25:07 --> Class "CodeIgniter\Filters\Auth" not found
in SYSTEMPATH\Filters\Filters.php on line 166.
 1 SYSTEMPATH\CodeIgniter.php(453): CodeIgniter\Filters\Filters->run('admin', 'before')
 2 SYSTEMPATH\CodeIgniter.php(349): CodeIgniter\CodeIgniter->handleRequest(null, Object(Config\Cache), false)
 3 FCPATH\index.php(67): CodeIgniter\CodeIgniter->run()
 4 SYSTEMPATH\Commands\Server\rewrite.php(47): require_once('FCPATH\\index.php')
CRITICAL - 2022-12-25 22:25:08 --> Class "CodeIgniter\Filters\Auth" not found
in SYSTEMPATH\Filters\Filters.php on line 166.
 1 SYSTEMPATH\CodeIgniter.php(453): CodeIgniter\Filters\Filters->run('admin', 'before')
 2 SYSTEMPATH\CodeIgniter.php(349): CodeIgniter\CodeIgniter->handleRequest(null, Object(Config\Cache), false)
 3 FCPATH\index.php(67): CodeIgniter\CodeIgniter->run()
 4 SYSTEMPATH\Commands\Server\rewrite.php(47): require_once('FCPATH\\index.php')
CRITICAL - 2022-12-25 22:25:08 --> Class "CodeIgniter\Filters\Auth" not found
in SYSTEMPATH\Filters\Filters.php on line 166.
 1 SYSTEMPATH\CodeIgniter.php(453): CodeIgniter\Filters\Filters->run('admin', 'before')
 2 SYSTEMPATH\CodeIgniter.php(349): CodeIgniter\CodeIgniter->handleRequest(null, Object(Config\Cache), false)
 3 FCPATH\index.php(67): CodeIgniter\CodeIgniter->run()
 4 SYSTEMPATH\Commands\Server\rewrite.php(47): require_once('FCPATH\\index.php')
CRITICAL - 2022-12-25 22:25:08 --> Class "CodeIgniter\Filters\Auth" not found
in SYSTEMPATH\Filters\Filters.php on line 166.
 1 SYSTEMPATH\CodeIgniter.php(453): CodeIgniter\Filters\Filters->run('admin', 'before')
 2 SYSTEMPATH\CodeIgniter.php(349): CodeIgniter\CodeIgniter->handleRequest(null, Object(Config\Cache), false)
 3 FCPATH\index.php(67): CodeIgniter\CodeIgniter->run()
 4 SYSTEMPATH\Commands\Server\rewrite.php(47): require_once('FCPATH\\index.php')
CRITICAL - 2022-12-25 22:25:24 --> Class "Filters\Auth" not found
in SYSTEMPATH\Filters\Filters.php on line 166.
 1 SYSTEMPATH\CodeIgniter.php(453): CodeIgniter\Filters\Filters->run('admin', 'before')
 2 SYSTEMPATH\CodeIgniter.php(349): CodeIgniter\CodeIgniter->handleRequest(null, Object(Config\Cache), false)
 3 FCPATH\index.php(67): CodeIgniter\CodeIgniter->run()
 4 SYSTEMPATH\Commands\Server\rewrite.php(47): require_once('FCPATH\\index.php')
CRITICAL - 2022-12-25 22:25:25 --> Class "Filters\Auth" not found
in SYSTEMPATH\Filters\Filters.php on line 166.
 1 SYSTEMPATH\CodeIgniter.php(453): CodeIgniter\Filters\Filters->run('admin', 'before')
 2 SYSTEMPATH\CodeIgniter.php(349): CodeIgniter\CodeIgniter->handleRequest(null, Object(Config\Cache), false)
 3 FCPATH\index.php(67): CodeIgniter\CodeIgniter->run()
 4 SYSTEMPATH\Commands\Server\rewrite.php(47): require_once('FCPATH\\index.php')
CRITICAL - 2022-12-25 22:25:39 --> Undefined property: mysqli::$link
in APPPATH\Views\frontend\components\header.php on line 32.
 1 APPPATH\Views\frontend\components\header.php(32): CodeIgniter\Debug\Exceptions->errorHandler(2, 'Undefined property: mysqli::$link', 'APPPATH\\Views\\frontend\\components\\header.php', 32)
 2 SYSTEMPATH\View\View.php(213): include('APPPATH\\Views\\frontend\\components\\header.php')
 3 SYSTEMPATH\View\View.php(216): CodeIgniter\View\View->CodeIgniter\View\{closure}()
 4 SYSTEMPATH\View\View.php(431): CodeIgniter\View\View->render('frontend/components/header', null, true)
 5 APPPATH\Views\frontend\auth\login.php(50): CodeIgniter\View\View->include('frontend/components/header')
 6 SYSTEMPATH\View\View.php(213): include('APPPATH\\Views\\frontend\\auth\\login.php')
 7 SYSTEMPATH\View\View.php(216): CodeIgniter\View\View->CodeIgniter\View\{closure}()
 8 SYSTEMPATH\Common.php(1135): CodeIgniter\View\View->render('frontend/auth/login', [], true)
 9 APPPATH\Controllers\Frontend\Authcontroller.php(20): view('frontend/auth/login', [...])
10 SYSTEMPATH\CodeIgniter.php(925): App\Controllers\Frontend\Authcontroller->login()
11 SYSTEMPATH\CodeIgniter.php(480): CodeIgniter\CodeIgniter->runController(Object(App\Controllers\Frontend\Authcontroller))
12 SYSTEMPATH\CodeIgniter.php(349): CodeIgniter\CodeIgniter->handleRequest(null, Object(Config\Cache), false)
13 FCPATH\index.php(67): CodeIgniter\CodeIgniter->run()
14 SYSTEMPATH\Commands\Server\rewrite.php(47): require_once('FCPATH\\index.php')
CRITICAL - 2022-12-25 22:25:57 --> Undefined property: mysqli::$link
in APPPATH\Views\frontend\components\header.php on line 32.
 1 APPPATH\Views\frontend\components\header.php(32): CodeIgniter\Debug\Exceptions->errorHandler(2, 'Undefined property: mysqli::$link', 'APPPATH\\Views\\frontend\\components\\header.php', 32)
 2 SYSTEMPATH\View\View.php(213): include('APPPATH\\Views\\frontend\\components\\header.php')
 3 SYSTEMPATH\View\View.php(216): CodeIgniter\View\View->CodeIgniter\View\{closure}()
 4 SYSTEMPATH\View\View.php(431): CodeIgniter\View\View->render('frontend/components/header', null, true)
 5 APPPATH\Views\frontend\auth\login.php(50): CodeIgniter\View\View->include('frontend/components/header')
 6 SYSTEMPATH\View\View.php(213): include('APPPATH\\Views\\frontend\\auth\\login.php')
 7 SYSTEMPATH\View\View.php(216): CodeIgniter\View\View->CodeIgniter\View\{closure}()
 8 SYSTEMPATH\Common.php(1135): CodeIgniter\View\View->render('frontend/auth/login', [], true)
 9 APPPATH\Controllers\Frontend\Authcontroller.php(20): view('frontend/auth/login', [...])
10 SYSTEMPATH\CodeIgniter.php(925): App\Controllers\Frontend\Authcontroller->login()
11 SYSTEMPATH\CodeIgniter.php(480): CodeIgniter\CodeIgniter->runController(Object(App\Controllers\Frontend\Authcontroller))
12 SYSTEMPATH\CodeIgniter.php(349): CodeIgniter\CodeIgniter->handleRequest(null, Object(Config\Cache), false)
13 FCPATH\index.php(67): CodeIgniter\CodeIgniter->run()
14 SYSTEMPATH\Commands\Server\rewrite.php(47): require_once('FCPATH\\index.php')
CRITICAL - 2022-12-25 22:26:25 --> Undefined property: mysqli::$link
in APPPATH\Views\frontend\components\header.php on line 32.
 1 APPPATH\Views\frontend\components\header.php(32): CodeIgniter\Debug\Exceptions->errorHandler(2, 'Undefined property: mysqli::$link', 'APPPATH\\Views\\frontend\\components\\header.php', 32)
 2 SYSTEMPATH\View\View.php(213): include('APPPATH\\Views\\frontend\\components\\header.php')
 3 SYSTEMPATH\View\View.php(216): CodeIgniter\View\View->CodeIgniter\View\{closure}()
 4 SYSTEMPATH\View\View.php(431): CodeIgniter\View\View->render('frontend/components/header', null, true)
 5 APPPATH\Views\frontend\auth\login.php(50): CodeIgniter\View\View->include('frontend/components/header')
 6 SYSTEMPATH\View\View.php(213): include('APPPATH\\Views\\frontend\\auth\\login.php')
 7 SYSTEMPATH\View\View.php(216): CodeIgniter\View\View->CodeIgniter\View\{closure}()
 8 SYSTEMPATH\Common.php(1135): CodeIgniter\View\View->render('frontend/auth/login', [], true)
 9 APPPATH\Controllers\Frontend\Authcontroller.php(20): view('frontend/auth/login', [...])
10 SYSTEMPATH\CodeIgniter.php(925): App\Controllers\Frontend\Authcontroller->login()
11 SYSTEMPATH\CodeIgniter.php(480): CodeIgniter\CodeIgniter->runController(Object(App\Controllers\Frontend\Authcontroller))
12 SYSTEMPATH\CodeIgniter.php(349): CodeIgniter\CodeIgniter->handleRequest(null, Object(Config\Cache), false)
13 FCPATH\index.php(67): CodeIgniter\CodeIgniter->run()
14 SYSTEMPATH\Commands\Server\rewrite.php(47): require_once('FCPATH\\index.php')
CRITICAL - 2022-12-25 22:26:35 --> Undefined property: mysqli::$link
in APPPATH\Views\frontend\components\header.php on line 32.
 1 APPPATH\Views\frontend\components\header.php(32): CodeIgniter\Debug\Exceptions->errorHandler(2, 'Undefined property: mysqli::$link', 'APPPATH\\Views\\frontend\\components\\header.php', 32)
 2 SYSTEMPATH\View\View.php(213): include('APPPATH\\Views\\frontend\\components\\header.php')
 3 SYSTEMPATH\View\View.php(216): CodeIgniter\View\View->CodeIgniter\View\{closure}()
 4 SYSTEMPATH\View\View.php(431): CodeIgniter\View\View->render('frontend/components/header', null, true)
 5 APPPATH\Views\frontend\auth\login.php(50): CodeIgniter\View\View->include('frontend/components/header')
 6 SYSTEMPATH\View\View.php(213): include('APPPATH\\Views\\frontend\\auth\\login.php')
 7 SYSTEMPATH\View\View.php(216): CodeIgniter\View\View->CodeIgniter\View\{closure}()
 8 SYSTEMPATH\Common.php(1135): CodeIgniter\View\View->render('frontend/auth/login', [], true)
 9 APPPATH\Controllers\Frontend\Authcontroller.php(20): view('frontend/auth/login', [...])
10 SYSTEMPATH\CodeIgniter.php(925): App\Controllers\Frontend\Authcontroller->login()
11 SYSTEMPATH\CodeIgniter.php(480): CodeIgniter\CodeIgniter->runController(Object(App\Controllers\Frontend\Authcontroller))
12 SYSTEMPATH\CodeIgniter.php(349): CodeIgniter\CodeIgniter->handleRequest(null, Object(Config\Cache), false)
13 FCPATH\index.php(67): CodeIgniter\CodeIgniter->run()
14 SYSTEMPATH\Commands\Server\rewrite.php(47): require_once('FCPATH\\index.php')
CRITICAL - 2022-12-25 22:26:40 --> Undefined property: mysqli::$link
in APPPATH\Views\frontend\components\header.php on line 32.
 1 APPPATH\Views\frontend\components\header.php(32): CodeIgniter\Debug\Exceptions->errorHandler(2, 'Undefined property: mysqli::$link', 'APPPATH\\Views\\frontend\\components\\header.php', 32)
 2 SYSTEMPATH\View\View.php(213): include('APPPATH\\Views\\frontend\\components\\header.php')
 3 SYSTEMPATH\View\View.php(216): CodeIgniter\View\View->CodeIgniter\View\{closure}()
 4 SYSTEMPATH\View\View.php(431): CodeIgniter\View\View->render('frontend/components/header', null, true)
 5 APPPATH\Views\frontend\auth\login.php(50): CodeIgniter\View\View->include('frontend/components/header')
 6 SYSTEMPATH\View\View.php(213): include('APPPATH\\Views\\frontend\\auth\\login.php')
 7 SYSTEMPATH\View\View.php(216): CodeIgniter\View\View->CodeIgniter\View\{closure}()
 8 SYSTEMPATH\Common.php(1135): CodeIgniter\View\View->render('frontend/auth/login', [], true)
 9 APPPATH\Controllers\Frontend\Authcontroller.php(20): view('frontend/auth/login', [...])
10 SYSTEMPATH\CodeIgniter.php(925): App\Controllers\Frontend\Authcontroller->login()
11 SYSTEMPATH\CodeIgniter.php(480): CodeIgniter\CodeIgniter->runController(Object(App\Controllers\Frontend\Authcontroller))
12 SYSTEMPATH\CodeIgniter.php(349): CodeIgniter\CodeIgniter->handleRequest(null, Object(Config\Cache), false)
13 FCPATH\index.php(67): CodeIgniter\CodeIgniter->run()
14 SYSTEMPATH\Commands\Server\rewrite.php(47): require_once('FCPATH\\index.php')
ERROR - 2022-12-25 22:38:53 --> mysqli_sql_exception: Table 'nadi-diasproject.users' doesn't exist in C:\xampp-8-1-12\htdocs\nadi-diasproject\system\Database\MySQLi\Connection.php:292
Stack trace:
#0 C:\xampp-8-1-12\htdocs\nadi-diasproject\system\Database\MySQLi\Connection.php(292): mysqli->query('SELECT *\nFROM `...', 0)
#1 C:\xampp-8-1-12\htdocs\nadi-diasproject\system\Database\BaseConnection.php(666): CodeIgniter\Database\MySQLi\Connection->execute('SELECT *\nFROM `...')
#2 C:\xampp-8-1-12\htdocs\nadi-diasproject\system\Database\BaseConnection.php(593): CodeIgniter\Database\BaseConnection->simpleQuery('SELECT *\nFROM `...')
#3 C:\xampp-8-1-12\htdocs\nadi-diasproject\system\Database\BaseBuilder.php(1585): CodeIgniter\Database\BaseConnection->query('SELECT *\nFROM `...', Array, false)
#4 C:\xampp-8-1-12\htdocs\nadi-diasproject\system\Model.php(267): CodeIgniter\Database\BaseBuilder->get()
#5 C:\xampp-8-1-12\htdocs\nadi-diasproject\system\BaseModel.php(624): CodeIgniter\Model->doFirst()
#6 C:\xampp-8-1-12\htdocs\nadi-diasproject\app\Controllers\Extranet\Authcontroller.php(50): CodeIgniter\BaseModel->first()
#7 C:\xampp-8-1-12\htdocs\nadi-diasproject\system\CodeIgniter.php(925): App\Controllers\Extranet\Authcontroller->auth()
#8 C:\xampp-8-1-12\htdocs\nadi-diasproject\system\CodeIgniter.php(480): CodeIgniter\CodeIgniter->runController(Object(App\Controllers\Extranet\Authcontroller))
#9 C:\xampp-8-1-12\htdocs\nadi-diasproject\system\CodeIgniter.php(349): CodeIgniter\CodeIgniter->handleRequest(NULL, Object(Config\Cache), false)
#10 C:\xampp-8-1-12\htdocs\nadi-diasproject\public\index.php(67): CodeIgniter\CodeIgniter->run()
#11 C:\xampp-8-1-12\htdocs\nadi-diasproject\system\Commands\Server\rewrite.php(47): require_once('C:\\xampp-8-1-12...')
#12 {main}
CRITICAL - 2022-12-25 22:38:53 --> Table 'nadi-diasproject.users' doesn't exist
in SYSTEMPATH\Database\MySQLi\Connection.php on line 292.
 1 SYSTEMPATH\Database\MySQLi\Connection.php(292): mysqli->query('SELECT *
FROM `users`
WHERE `email` = \'dodinovembri32@gmail.com\'
 LIMIT 1', 0)
 2 SYSTEMPATH\Database\BaseConnection.php(666): CodeIgniter\Database\MySQLi\Connection->execute('SELECT *
FROM `users`
WHERE `email` = \'dodinovembri32@gmail.com\'
 LIMIT 1')
 3 SYSTEMPATH\Database\BaseConnection.php(593): CodeIgniter\Database\BaseConnection->simpleQuery('SELECT *
FROM `users`
WHERE `email` = \'dodinovembri32@gmail.com\'
 LIMIT 1')
 4 SYSTEMPATH\Database\BaseBuilder.php(1585): CodeIgniter\Database\BaseConnection->query('SELECT *
FROM `users`
WHERE `email` = :email:
 LIMIT 1', [...], false)
 5 SYSTEMPATH\Model.php(267): CodeIgniter\Database\BaseBuilder->get()
 6 SYSTEMPATH\BaseModel.php(624): CodeIgniter\Model->doFirst()
 7 APPPATH\Controllers\Extranet\Authcontroller.php(50): CodeIgniter\BaseModel->first()
 8 SYSTEMPATH\CodeIgniter.php(925): App\Controllers\Extranet\Authcontroller->auth()
 9 SYSTEMPATH\CodeIgniter.php(480): CodeIgniter\CodeIgniter->runController(Object(App\Controllers\Extranet\Authcontroller))
10 SYSTEMPATH\CodeIgniter.php(349): CodeIgniter\CodeIgniter->handleRequest(null, Object(Config\Cache), false)
11 FCPATH\index.php(67): CodeIgniter\CodeIgniter->run()
12 SYSTEMPATH\Commands\Server\rewrite.php(47): require_once('FCPATH\\index.php')
